
Gurobi 9.5.1 (linux64) logging started Thu May 19 11:54:50 2022

Set parameter LogFile to value "results/your-run-name/logs/elec_s_37_lv1.5__Co2L0-3H-T-H-B-I-A-solar+p3-dist1_2030_solver.log"
Gurobi Optimizer version 9.5.1 build v9.5.1rc2 (linux64)
Thread count: 4 physical cores, 8 logical processors, using up to 4 threads
Optimize a model with 18936277 rows, 9063205 columns and 43253764 nonzeros
Model fingerprint: 0x383575bb
Coefficient statistics:
  Matrix range     [1e-02, 2e+03]
  Objective range  [3e-02, 9e+05]
  Bounds range     [9e-02, 6e+09]
  RHS range        [2e-01, 1e+09]
Warning: Model contains large rhs
Warning: Model contains large bounds
         Consider reformulating model or setting NumericFocus parameter
         to avoid numerical issues.
Presolve removed 9855433 rows and 570215 columns (presolve time = 8s) ...
Presolve removed 9855433 rows and 570215 columns (presolve time = 10s) ...
Presolve removed 10859987 rows and 1574769 columns (presolve time = 15s) ...
Presolve removed 10865459 rows and 1580241 columns (presolve time = 29s) ...
Presolve removed 10865459 rows and 1580241 columns (presolve time = 31s) ...
Presolve removed 10865459 rows and 1580241 columns (presolve time = 36s) ...
Presolve removed 10865459 rows and 1580241 columns
Presolve time: 40.79s
Presolved: 8070818 rows, 7482964 columns, 29684244 nonzeros
Elapsed ordering time = 5s
Elapsed ordering time = 10s
Elapsed ordering time = 15s
Elapsed ordering time = 20s
Elapsed ordering time = 46s
Elapsed ordering time = 56s
Elapsed ordering time = 66s
Elapsed ordering time = 72s
Elapsed ordering time = 76s
Elapsed ordering time = 81s
Elapsed ordering time = 85s
Elapsed ordering time = 90s
Elapsed ordering time = 95s
Elapsed ordering time = 100s
Elapsed ordering time = 105s
Elapsed ordering time = 110s
Elapsed ordering time = 115s
Elapsed ordering time = 120s
Elapsed ordering time = 125s
Elapsed ordering time = 130s
Ordering time: 143.94s

Barrier statistics:
 Dense cols : 1991
 Free vars  : 347480
 AA' NZ     : 2.821e+07
 Factor NZ  : 6.900e+08 (roughly 12.0 GB of memory)
 Factor Ops : 1.934e+12 (roughly 20 seconds per iteration)
 Threads    : 4

                  Objective                Residual
Iter       Primal          Dual         Primal    Dual     Compl     Time
   0   6.08613446e+16 -4.71118774e+16  1.83e+14 3.90e+04  1.80e+13   295s
   1   6.52066547e+16 -4.48471568e+16  1.73e+14 3.31e+04  1.59e+13   350s
   2   7.48224873e+16 -3.82135761e+16  1.54e+14 1.62e+04  1.30e+13   405s
   3   8.34256296e+16 -3.86982021e+16  1.17e+14 9.13e+03  8.96e+12   463s
   4   8.95280081e+16 -3.88684690e+16  9.79e+13 8.84e+03  7.84e+12   521s
   5   9.80907976e+16 -4.56271580e+16  6.99e+13 5.14e+03  5.31e+12   583s
   6   1.14475798e+17 -4.68499239e+16  2.48e+13 9.44e+03  2.10e+12   643s
   7   1.22892054e+17 -3.40873810e+16  4.84e+12 1.17e+05  4.60e+11   707s
   8   1.08904453e+17 -2.24281646e+16  1.19e+12 3.19e+04  1.25e+11   770s
   9   8.32394032e+16 -1.47277842e+16  5.12e+11 2.77e+04  5.28e+10   806s
  10   5.91769407e+16 -1.10324672e+16  2.57e+11 2.73e+05  2.72e+10   837s
  11   4.07668017e+16 -8.21690042e+15  1.31e+11 1.20e+05  1.44e+10   865s
  12   2.84840778e+16 -6.50552938e+15  7.64e+10 6.07e+04  8.65e+09   890s
  13   2.10407929e+16 -5.49668281e+15  5.02e+10 3.54e+04  5.84e+09   913s
  14   1.39136498e+16 -4.31061963e+15  2.86e+10 1.29e+04  3.44e+09   937s
  15   7.20362496e+15 -3.04785609e+15  1.20e+10 8.73e+02  1.56e+09   963s
  16   5.68749387e+15 -1.77494337e+15  9.10e+09 2.29e+02  1.01e+09   991s
  17   3.29589412e+15 -1.08871889e+15  4.79e+09 3.20e+01  5.10e+08  1026s
  18   1.38949200e+15 -6.02469864e+14  1.76e+09 3.17e+00  1.92e+08  1060s
  19   5.50603186e+14 -2.54712248e+14  6.27e+08 1.91e+00  6.74e+07  1096s
  20   1.86728489e+14 -1.47566123e+14  2.06e+08 1.94e+00  2.62e+07  1128s
  21   6.81340714e+13 -9.60804454e+13  7.18e+07 1.80e+00  1.24e+07  1159s
  22   4.38228828e+13 -7.56189810e+13  4.43e+07 1.57e+00  8.88e+06  1187s
  23   3.75442447e+13 -4.97879840e+13  3.72e+07 1.20e+00  6.46e+06  1213s
  24   3.21050339e+13 -3.90658547e+13  3.12e+07 1.01e+00  5.24e+06  1237s
  25   2.46701268e+13 -3.03614221e+13  2.30e+07 8.37e-01  4.04e+06  1263s
  26   1.94746717e+13 -2.00585201e+13  1.74e+07 6.94e-01  2.89e+06  1291s
  27   1.56255654e+13 -1.44924108e+13  1.35e+07 6.53e-01  2.20e+06  1322s
  28   1.33720021e+13 -1.02859803e+13  1.12e+07 5.99e-01  1.72e+06  1355s
  29   9.79010741e+12 -6.82128251e+12  7.46e+06 5.28e-01  1.21e+06  1390s
  30   7.71721108e+12 -4.03579474e+12  5.27e+06 4.61e-01  8.52e+05  1424s
  31   6.23747535e+12 -3.11680681e+12  3.80e+06 4.37e-01  6.77e+05  1454s
  32   5.89414552e+12 -2.31722148e+12  3.48e+06 4.13e-01  5.94e+05  1484s
  33   5.28026925e+12 -2.06558743e+12  2.94e+06 4.01e-01  5.32e+05  1515s
  34   4.98711178e+12 -1.77643866e+12  2.70e+06 3.80e-01  4.89e+05  1546s
  35   4.75349448e+12 -1.54782090e+12  2.51e+06 3.60e-01  4.56e+05  1576s
  36   4.67780498e+12 -1.50792845e+12  2.46e+06 3.56e-01  4.47e+05  1604s
  37   4.52456118e+12 -1.34713867e+12  2.35e+06 3.41e-01  4.25e+05  1634s
  38   4.27384945e+12 -1.09211969e+12  2.20e+06 3.10e-01  3.88e+05  1664s
  39   3.97473086e+12 -8.41802217e+11  2.00e+06 3.85e-01  3.48e+05  1695s
  40   3.61920124e+12 -6.13721445e+11  1.75e+06 4.09e-01  3.06e+05  1725s
  41   3.25417200e+12 -4.96745753e+11  1.51e+06 3.63e-01  2.71e+05  1755s
  42   3.12569514e+12 -4.36783171e+11  1.42e+06 3.52e-01  2.57e+05  1785s
  43   2.93033790e+12 -3.06491890e+11  1.30e+06 3.13e-01  2.34e+05  1816s
  44   2.76495050e+12 -1.88421556e+11  1.20e+06 2.74e-01  2.13e+05  1846s
  45   2.54829700e+12 -1.12915461e+11  1.06e+06 2.51e-01  1.92e+05  1876s
  46   2.31752457e+12  2.61316552e+10  9.20e+05 2.35e-01  1.65e+05  1909s
  47   2.10161016e+12  1.60170887e+11  7.87e+05 2.37e-01  1.40e+05  1939s
  48   1.86824210e+12  2.88688531e+11  6.43e+05 2.23e-01  1.14e+05  1973s
  49   1.69859425e+12  3.69354075e+11  5.39e+05 2.03e-01  9.59e+04  2007s
  50   1.53294122e+12  4.47429354e+11  4.38e+05 1.76e-01  7.83e+04  2037s
  51   1.41656789e+12  5.29772505e+11  3.69e+05 1.46e-01  6.40e+04  2067s
  52   1.31254183e+12  5.68008076e+11  3.08e+05 1.30e-01  5.37e+04  2098s
  53   1.24028480e+12  6.01800935e+11  2.65e+05 1.15e-01  4.60e+04  2128s
  54   1.17512132e+12  6.15948132e+11  2.27e+05 1.08e-01  4.03e+04  2159s
  55   1.12379968e+12  6.44309970e+11  1.97e+05 9.41e-02  3.46e+04  2190s
  56   1.08045657e+12  6.55389358e+11  1.72e+05 8.82e-02  3.06e+04  2218s
  57   1.06617462e+12  6.66245518e+11  1.63e+05 8.51e-02  2.88e+04  2248s
  58   1.05576729e+12  6.72058876e+11  1.57e+05 8.37e-02  2.77e+04  2278s
  59   1.03052839e+12  6.87793570e+11  1.42e+05 8.02e-02  2.47e+04  2309s
  60   1.02364533e+12  6.93496932e+11  1.38e+05 7.86e-02  2.38e+04  2339s
  61   1.00555461e+12  6.99204134e+11  1.27e+05 7.99e-02  2.21e+04  2365s
  62   9.71748106e+11  7.12158862e+11  1.07e+05 7.82e-02  1.87e+04  2395s
  63   9.53306439e+11  7.22639433e+11  9.65e+04 7.16e-02  1.66e+04  2425s
  64   9.35220370e+11  7.35234180e+11  8.59e+04 7.42e-02  1.44e+04  2455s
  65   9.10347442e+11  7.43236868e+11  7.12e+04 8.83e-02  1.20e+04  2486s
  66   8.95588896e+11  7.50785327e+11  6.25e+04 9.58e-02  1.04e+04  2517s
  67   8.85160826e+11  7.54378292e+11  5.65e+04 9.74e-02  9.43e+03  2546s
  68   8.77559590e+11  7.58797186e+11  5.20e+04 9.49e-02  8.56e+03  2576s
  69   8.61277127e+11  7.61583432e+11  4.25e+04 9.15e-02  7.18e+03  2606s
  70   8.53200414e+11  7.65373106e+11  3.77e+04 8.78e-02  6.33e+03  2636s
  71   8.43912928e+11  7.68401487e+11  3.21e+04 8.74e-02  5.44e+03  2667s
  72   8.38283237e+11  7.70589268e+11  2.87e+04 8.42e-02  4.88e+03  2697s
  73   8.28742341e+11  7.72019140e+11  2.31e+04 7.94e-02  4.09e+03  2727s
  74   8.25259191e+11  7.74016538e+11  2.10e+04 7.39e-02  3.69e+03  2757s
  75   8.22569432e+11  7.75279179e+11  1.94e+04 6.97e-02  3.41e+03  2787s
  76   8.19481040e+11  7.78095916e+11  1.75e+04 6.11e-02  2.98e+03  2817s
  77   8.16949965e+11  7.79113252e+11  1.60e+04 6.11e-02  2.73e+03  2848s
  78   8.15792116e+11  7.79318496e+11  1.54e+04 6.08e-02  2.63e+03  2876s
  79   8.14399405e+11  7.80188758e+11  1.45e+04 5.95e-02  2.47e+03  2907s
  80   8.11661285e+11  7.81184380e+11  1.29e+04 5.91e-02  2.20e+03  2942s
  81   8.10161813e+11  7.81547949e+11  1.19e+04 5.88e-02  2.06e+03  2972s
  82   8.08051542e+11  7.82836694e+11  1.07e+04 5.70e-02  1.82e+03  3003s
  83   8.05578151e+11  7.83540696e+11  9.17e+03 5.63e-02  1.59e+03  3033s
  84   8.04572505e+11  7.84161179e+11  8.56e+03 5.48e-02  1.47e+03  3064s
  85   8.04293866e+11  7.84408853e+11  8.38e+03 5.41e-02  1.43e+03  3094s
  86   8.02866549e+11  7.84917834e+11  7.51e+03 5.25e-02  1.29e+03  3125s
  87   8.02206355e+11  7.85674710e+11  7.09e+03 4.99e-02  1.19e+03  3155s
  88   8.01421278e+11  7.85931193e+11  6.61e+03 4.90e-02  1.12e+03  3184s
  89   8.00113049e+11  7.86621772e+11  5.81e+03 4.91e-02  9.72e+02  3214s
  90   7.99327763e+11  7.87186060e+11  5.32e+03 4.95e-02  8.75e+02  3244s
  91   7.98584062e+11  7.87609961e+11  4.85e+03 4.88e-02  7.91e+02  3274s
  92   7.97676685e+11  7.88013992e+11  4.28e+03 4.66e-02  6.96e+02  3304s
  93   7.96664015e+11  7.88319576e+11  3.65e+03 4.97e-02  6.01e+02  3334s
  94   7.95928640e+11  7.88492668e+11  3.19e+03 5.00e-02  5.36e+02  3364s
  95   7.95159581e+11  7.88693716e+11  2.71e+03 4.84e-02  4.66e+02  3394s
  96   7.94821834e+11  7.88835720e+11  2.50e+03 4.60e-02  4.31e+02  3423s
  97   7.94594672e+11  7.89068670e+11  2.36e+03 4.27e-02  3.98e+02  3453s
  98   7.94329775e+11  7.89241472e+11  2.19e+03 3.96e-02  3.67e+02  3483s
  99   7.93994932e+11  7.89384211e+11  1.98e+03 3.79e-02  3.32e+02  3514s
 100   7.93889389e+11  7.89466053e+11  1.92e+03 4.46e-02  3.19e+02  3541s
 101   7.93701021e+11  7.89562996e+11  1.80e+03 5.35e-02  2.98e+02  3570s
 102   7.93382557e+11  7.89632504e+11  1.60e+03 4.27e-02  2.70e+02  3600s
 103   7.93125134e+11  7.89704308e+11  1.44e+03 3.94e-02  2.47e+02  3630s
 104   7.92794111e+11  7.89815502e+11  1.23e+03 3.55e-02  2.15e+02  3660s
 105   7.92573737e+11  7.89925759e+11  1.09e+03 3.18e-02  1.91e+02  3690s
 106   7.92350005e+11  7.90009194e+11  9.49e+02 3.01e-02  1.69e+02  3716s
 107   7.92125772e+11  7.90100837e+11  8.07e+02 2.90e-02  1.46e+02  3746s
 108   7.91926700e+11  7.90178795e+11  6.82e+02 2.75e-02  1.26e+02  3776s
 109   7.91807874e+11  7.90288238e+11  6.07e+02 2.53e-02  1.09e+02  3806s
 110   7.91663612e+11  7.90377034e+11  5.17e+02 3.01e-02  9.27e+01  3836s
 111   7.91543738e+11  7.90432870e+11  4.43e+02 3.05e-02  8.00e+01  3866s
 112   7.91459672e+11  7.90489469e+11  3.91e+02 2.97e-02  6.99e+01  3900s
 113   7.91359005e+11  7.90525058e+11  3.30e+02 2.65e-02  6.01e+01  3932s
 114   7.91308724e+11  7.90552806e+11  2.99e+02 2.41e-02  5.45e+01  3960s
 115   7.91238820e+11  7.90584615e+11  2.56e+02 2.14e-02  4.71e+01  3990s
 116   7.91196766e+11  7.90625704e+11  2.30e+02 1.99e-02  4.11e+01  4020s
 117   7.91154681e+11  7.90638375e+11  2.05e+02 1.96e-02  3.72e+01  4051s
 118   7.91095699e+11  7.90654043e+11  1.70e+02 1.91e-02  3.18e+01  4080s
 119   7.91071225e+11  7.90677637e+11  1.55e+02 1.88e-02  2.83e+01  4110s
 120   7.91045846e+11  7.90690586e+11  1.39e+02 1.87e-02  2.56e+01  4140s
 121   7.91007598e+11  7.90696881e+11  1.17e+02 1.87e-02  2.24e+01  4170s
 122   7.90981064e+11  7.90712970e+11  1.01e+02 1.82e-02  1.93e+01  4200s
 123   7.90957486e+11  7.90733052e+11  8.63e+01 1.80e-02  1.62e+01  4230s
 124   7.90935245e+11  7.90742154e+11  7.32e+01 1.79e-02  1.39e+01  4260s
 125   7.90920880e+11  7.90745136e+11  6.48e+01 1.77e-02  1.27e+01  4289s
 126   7.90912671e+11  7.90748507e+11  6.00e+01 1.74e-02  1.18e+01  4319s
 127   7.90900099e+11  7.90754782e+11  5.26e+01 1.66e-02  1.05e+01  4349s
 128   7.90889667e+11  7.90767938e+11  4.64e+01 1.63e-02  8.76e+00  4379s
 129   7.90877419e+11  7.90772324e+11  3.92e+01 1.61e-02  7.57e+00  4409s
 130   7.90870073e+11  7.90775486e+11  3.46e+01 1.56e-02  6.81e+00  4439s
 131   7.90863384e+11  7.90781814e+11  3.05e+01 1.46e-02  5.87e+00  4469s
 132   7.90858104e+11  7.90787218e+11  2.73e+01 1.30e-02  5.10e+00  4499s
 133   7.90849186e+11  7.90789347e+11  2.20e+01 1.27e-02  4.31e+00  4529s
 134   7.90846869e+11  7.90791332e+11  2.06e+01 1.26e-02  4.00e+00  4559s
 135   7.90841952e+11  7.90794788e+11  1.76e+01 1.23e-02  3.39e+00  4586s
 136   7.90837838e+11  7.90796256e+11  1.52e+01 1.20e-02  2.99e+00  4616s
 137   7.90834787e+11  7.90797637e+11  1.34e+01 1.18e-02  2.67e+00  4644s
 138   7.90829754e+11  7.90798838e+11  1.05e+01 1.16e-02  2.23e+00  4674s
 139   7.90827405e+11  7.90801306e+11  9.19e+00 1.10e-02  1.88e+00  4704s
 140   7.90825201e+11  7.90802001e+11  7.98e+00 1.08e-02  1.67e+00  4731s
 141   7.90823231e+11  7.90803202e+11  6.85e+00 1.03e-02  1.44e+00  4761s
 142   7.90822280e+11  7.90803721e+11  6.36e+00 9.56e-03  1.34e+00  4793s
 143   7.90820481e+11  7.90804923e+11  5.45e+00 9.01e-03  1.12e+00  4824s
 144   7.90819046e+11  7.90805535e+11  4.73e+00 8.83e-03  9.74e-01  4859s
 145   7.90817761e+11  7.90805921e+11  4.09e+00 8.73e-03  8.54e-01  4892s
 146   7.90815960e+11  7.90806439e+11  3.21e+00 8.57e-03  6.87e-01  4923s
 147   7.90815240e+11  7.90806821e+11  2.85e+00 8.41e-03  6.08e-01  4952s
 148   7.90814465e+11  7.90807152e+11  2.46e+00 8.18e-03  5.28e-01  4982s
 149   7.90813940e+11  7.90807524e+11  2.20e+00 7.81e-03  4.64e-01  5013s
 150   7.90813052e+11  7.90807725e+11  1.72e+00 7.69e-03  3.85e-01  5043s
 151   7.90812593e+11  7.90808029e+11  1.49e+00 7.47e-03  3.30e-01  5073s
 152   7.90812220e+11  7.90808368e+11  1.30e+00 7.18e-03  2.79e-01  5103s
 153   7.90811739e+11  7.90808553e+11  1.07e+00 6.93e-03  2.31e-01  5134s
 154   7.90811505e+11  7.90808743e+11  9.59e-01 6.64e-03  2.00e-01  5167s
 155   7.90811194e+11  7.90808873e+11  8.14e-01 6.40e-03  1.69e-01  5202s
 156   7.90810858e+11  7.90809046e+11  6.65e-01 5.89e-03  1.32e-01  5235s
 157   7.90810623e+11  7.90809116e+11  5.50e-01 5.95e-03  1.10e-01  5271s
 158   7.90810483e+11  7.90809170e+11  4.74e-01 5.78e-03  9.60e-02  5313s
 159   7.90810335e+11  7.90809235e+11  4.22e-01 5.51e-03  8.05e-02  5351s
 160   7.90810202e+11  7.90809299e+11  3.81e-01 4.87e-03  6.63e-02  5387s
 161   7.90810072e+11  7.90809334e+11  3.10e-01 4.73e-03  5.43e-02  5421s

Barrier solved model in 161 iterations and 5421.20 seconds (4178.07 work units)
Optimal objective 7.90810072e+11

