MEM 379.816406 1652953925.6304
MEM 380.453125 1652953925.6354
MEM 1264.468750 1652953955.6709
MEM 905.457031 1652953985.7057
MEM 2695.425781 1652954015.7407
MEM 1129.085938 1652954045.7787
MEM 4387.031250 1652954075.8112
MEM 9246.160156 1652954105.8462
MEM 6610.335938 1652954135.8838
MEM 8844.031250 1652954165.9176
MEM 9224.292969 1652954195.9544
MEM 9103.476562 1652954225.9906
MEM 10498.628906 1652954256.0266
MEM 8138.468750 1652954286.0593
MEM 10084.136719 1652954316.0933
MEM 11614.511719 1652954346.1289
MEM 12385.113281 1652954376.1648
MEM 13219.390625 1652954406.2013
MEM 13590.382812 1652954436.2362
MEM 14172.363281 1652954466.2728
MEM 14172.621094 1652954496.2995
MEM 14175.972656 1652954526.3329
MEM 14175.972656 1652954556.3691
MEM 14177.003906 1652954586.3841
MEM 14177.003906 1652954616.4207
MEM 14177.777344 1652954646.4329
MEM 14177.777344 1652954676.4692
MEM 14178.808594 1652954706.5026
MEM 14178.808594 1652954736.5369
MEM 14178.808594 1652954766.5729
MEM 14178.808594 1652954796.6074
MEM 14180.613281 1652954826.6407
MEM 14180.613281 1652954856.6766
MEM 14180.613281 1652954886.7115
MEM 14180.613281 1652954916.7459
MEM 16351.074219 1652954946.7856
MEM 16351.074219 1652954976.8037
MEM 16351.589844 1652955006.8393
MEM 16351.589844 1652955036.8786
MEM 16351.589844 1652955066.9151
MEM 16351.589844 1652955096.9247
MEM 16351.589844 1652955126.9633
MEM 16351.589844 1652955157.0014
MEM 16351.589844 1652955187.0391
MEM 16351.589844 1652955217.0747
MEM 16351.589844 1652955247.1138
MEM 16351.589844 1652955277.1474
MEM 16351.589844 1652955307.1843
MEM 16351.589844 1652955337.2240
MEM 16351.589844 1652955367.2591
MEM 16351.589844 1652955397.2978
MEM 16351.589844 1652955427.3365
MEM 16351.589844 1652955457.3757
MEM 16351.589844 1652955487.4113
MEM 16351.589844 1652955517.4482
MEM 16351.589844 1652955547.4871
MEM 16351.589844 1652955577.4988
MEM 16351.589844 1652955607.5359
MEM 16351.589844 1652955637.5710
MEM 16351.589844 1652955667.6098
MEM 16351.589844 1652955697.6230
MEM 16351.589844 1652955727.6594
MEM 16351.589844 1652955757.6954
MEM 16351.589844 1652955787.7307
MEM 16351.589844 1652955817.7397
MEM 16351.589844 1652955847.7752
MEM 16351.589844 1652955877.8108
MEM 16351.589844 1652955907.8492
MEM 16351.589844 1652955937.8871
MEM 16351.589844 1652955967.9230
MEM 16351.589844 1652955997.9564
MEM 16351.589844 1652956027.9946
MEM 16351.589844 1652956058.0289
MEM 16351.589844 1652956088.0635
MEM 16351.589844 1652956118.0834
MEM 16351.589844 1652956148.1191
MEM 16351.589844 1652956178.1553
MEM 16351.589844 1652956208.1914
MEM 16351.589844 1652956238.2285
MEM 16351.589844 1652956268.2671
MEM 16351.589844 1652956298.2937
MEM 16351.589844 1652956328.3313
MEM 16351.589844 1652956358.3679
MEM 16351.589844 1652956388.4061
MEM 16351.589844 1652956418.4431
MEM 16351.589844 1652956448.4652
MEM 16351.589844 1652956478.5030
MEM 16351.589844 1652956508.5229
MEM 16351.589844 1652956538.5575
MEM 16351.589844 1652956568.5958
MEM 16351.589844 1652956598.6356
MEM 16351.589844 1652956628.6682
MEM 16351.589844 1652956658.7003
MEM 16351.589844 1652956688.7333
MEM 16351.589844 1652956718.7683
MEM 16351.589844 1652956748.8059
MEM 16351.589844 1652956778.8433
MEM 16351.589844 1652956808.8816
MEM 16351.589844 1652956838.9196
MEM 16351.589844 1652956868.9545
MEM 16351.589844 1652956898.9799
MEM 16351.589844 1652956929.0165
MEM 16351.589844 1652956959.0276
MEM 16351.589844 1652956989.0396
MEM 16351.589844 1652957019.0735
MEM 16352.621094 1652957049.1111
MEM 16352.621094 1652957079.1494
MEM 16352.621094 1652957109.1884
MEM 16352.621094 1652957139.2276
MEM 16352.621094 1652957169.2669
MEM 16352.621094 1652957199.3059
MEM 16352.621094 1652957229.3439
MEM 16352.621094 1652957259.3828
MEM 16352.621094 1652957289.4219
MEM 16352.621094 1652957319.4592
MEM 16352.621094 1652957349.4952
MEM 16352.621094 1652957379.5312
MEM 16352.621094 1652957409.5675
MEM 16352.621094 1652957439.6030
MEM 16352.621094 1652957469.6424
MEM 16352.621094 1652957499.6593
MEM 16352.621094 1652957529.6970
MEM 16352.621094 1652957559.7364
MEM 16352.621094 1652957589.7758
MEM 16352.621094 1652957619.7853
MEM 16352.621094 1652957649.8231
MEM 16352.621094 1652957679.8594
MEM 16352.621094 1652957709.8961
MEM 16352.621094 1652957739.9071
MEM 16352.621094 1652957769.9353
MEM 16352.621094 1652957799.9738
MEM 16352.621094 1652957830.0007
MEM 16352.621094 1652957860.0385
MEM 16352.621094 1652957890.0754
MEM 16352.621094 1652957920.1114
MEM 16352.621094 1652957950.1474
MEM 16352.621094 1652957980.1855
MEM 16352.621094 1652958010.1957
MEM 16352.621094 1652958040.2352
MEM 16352.621094 1652958070.2743
MEM 16352.621094 1652958100.3116
MEM 16352.621094 1652958130.3511
MEM 16352.621094 1652958160.3853
MEM 16352.621094 1652958190.4239
MEM 16352.621094 1652958220.4618
MEM 16352.621094 1652958250.4934
MEM 16352.621094 1652958280.5308
MEM 16352.621094 1652958310.5662
MEM 16352.621094 1652958340.5965
MEM 16352.621094 1652958370.6315
MEM 16352.621094 1652958400.6644
MEM 16352.621094 1652958430.6993
MEM 16352.621094 1652958460.7351
MEM 16352.621094 1652958490.7702
MEM 16352.621094 1652958520.8079
MEM 16352.621094 1652958550.8443
MEM 16352.621094 1652958580.8836
MEM 16352.621094 1652958610.9190
MEM 16352.621094 1652958640.9550
MEM 16352.621094 1652958670.9901
MEM 16352.621094 1652958700.9991
MEM 16352.621094 1652958731.0057
MEM 16352.621094 1652958761.0394
MEM 16352.621094 1652958791.0722
MEM 16352.621094 1652958821.1076
MEM 16352.621094 1652958851.1402
MEM 16352.621094 1652958881.1743
MEM 16352.621094 1652958911.2102
MEM 16352.621094 1652958941.2441
MEM 16352.621094 1652958971.2836
MEM 16352.621094 1652959001.3210
MEM 16352.621094 1652959031.3355
MEM 16352.621094 1652959061.3703
MEM 16352.621094 1652959091.4073
MEM 16352.621094 1652959121.4462
MEM 16352.621094 1652959151.4849
MEM 16352.621094 1652959181.4948
MEM 16352.621094 1652959211.5337
MEM 16352.621094 1652959241.5724
MEM 16352.621094 1652959271.6112
MEM 16352.621094 1652959301.6281
MEM 16352.621094 1652959331.6633
MEM 16352.621094 1652959361.7023
MEM 16352.621094 1652959391.7301
MEM 16352.621094 1652959421.7448
MEM 16352.621094 1652959451.7842
MEM 16352.621094 1652959481.8102
MEM 16352.621094 1652959511.8446
MEM 11633.035156 1652959541.8793
MEM 12183.281250 1652959571.9138
MEM 13760.386719 1652959601.9485
MEM 5436.500000 1652959631.9790
MEM 5436.500000 1652959662.0136
MEM 3101.613281 1652959692.0482
MEM 3101.613281 1652959722.0564
MEM 3101.613281 1652959752.0910
MEM 3101.613281 1652959782.1256
MEM 3100.628906 1652959812.1602
MEM 3100.628906 1652959842.1949
MEM 3096.628906 1652959872.2294
MEM 3095.628906 1652959902.2350
MEM 2951.308594 1652959926.3808
